[03/25/2025 12:10:18] ctf submitted b'eoe{SvaqGurSynt!}' on 1 with kpm 0 [WRONG]
[03/27/2025 13:04:11] Alexander Wood submitted b'rbr{FindTheFlag!}' on 1 with kpm 0 [CORRECT]
[03/27/2025 13:10:56] Alexander Wood submitted b'xp' on 2 with kpm 0 [CORRECT]
[03/27/2025 13:11:17] Alexander Wood submitted b'WindowsXP' on 3 with kpm 0 [WRONG]
[03/27/2025 13:11:22] Alexander Wood submitted b'windowsXP' on 3 with kpm 1 [WRONG]
[03/27/2025 13:11:24] Alexander Wood submitted b'windowsXP' on 3 with kpm 2 [WRONG]
[03/27/2025 13:11:26] Alexander Wood submitted b'windowsXP' on 3 with kpm 3 [WRONG]
[03/27/2025 13:11:36] Alexander Wood submitted b'WindowsXP' on 3 with kpm 4 [WRONG]
[03/27/2025 13:19:03] alenl submitted b'rbr{too-easy}' on 5 with kpm 0 [CORRECT]
[03/27/2025 13:41:25] alenl submitted b'rbr{Wasted Your Time}' on 7 with kpm 0 [CORRECT]
[03/27/2025 14:04:02] alenl submitted b'rbr{FindTheFlag!}' on 1 with kpm 0 [CORRECT]
[04/01/2025 15:56:28] asarioglu25 submitted b'rbr{Microsoft Windows XP}' on 2 with kpm 0 [WRONG]
[04/01/2025 15:56:31] asarioglu25 submitted b'Microsoft Windows XP' on 2 with kpm 1 [WRONG]
[04/01/2025 15:56:31] asarioglu25 submitted b'Microsoft Windows XP' on 2 with kpm 2 [WRONG]
[04/01/2025 15:57:15] asarioglu25 submitted b'Microsoft Windows XP' on 2 with kpm 3 [WRONG]
[04/01/2025 15:57:25] toliver25 submitted b'Microsoft Windows XP' on 2 with kpm 0 [WRONG]
[04/01/2025 15:57:40] toliver25 submitted b'rbr{Microsoft Windows XP}' on 2 with kpm 1 [WRONG]
[04/01/2025 15:57:42] asarioglu25 submitted b'rbr{Microsoft Windows XP}' on 2 with kpm 1 [WRONG]
[04/01/2025 15:57:44] asarioglu25 submitted b'rbr{Microsoft Windows XP}' on 2 with kpm 2 [WRONG]
[04/01/2025 15:57:44] asarioglu25 submitted b'rbr{Microsoft Windows XP}' on 2 with kpm 3 [WRONG]
[04/01/2025 15:57:44] asarioglu25 submitted b'rbr{Microsoft Windows XP}' on 2 with kpm 4 [WRONG]
[04/01/2025 15:57:44] asarioglu25 submitted b'rbr{Microsoft Windows XP}' on 2 with kpm 5 [WRONG]
[04/01/2025 15:57:44] asarioglu25 submitted b'rbr{Microsoft Windows XP}' on 2 with kpm 6 [WRONG]
[04/01/2025 15:57:45] asarioglu25 submitted b'rbr{Microsoft Windows XP}' on 2 with kpm 7 [WRONG]
[04/01/2025 15:57:58] toliver25 submitted b'rbr{Microsoft Windows XP}' on 2 with kpm 2 [WRONG]
[04/01/2025 15:58:19] toliver25 submitted b'rbr{microsoft windows xp}' on 2 with kpm 3 [WRONG]
[04/01/2025 15:58:36] asarioglu25 submitted b'rbr{Microsoft Windows XP}' on 2 with kpm 7 [CORRECT]
[04/01/2025 15:58:40] toliver25 submitted b'rbr{Microsoft Windows XP}' on 2 with kpm 3 [CORRECT]
[04/01/2025 15:58:42] spota25 submitted b'rbr{Greg Schardt}' on 3 with kpm 0 [CORRECT]
[04/01/2025 15:59:05] toliver25 submitted b'rbr{Greg Schardt}' on 3 with kpm 1 [CORRECT]
[04/01/2025 15:59:06] asarioglu25 submitted b'rbr{Greg Schardt}' on 3 with kpm 0 [CORRECT]
[04/01/2025 15:59:13] aespanol25 submitted b'Microsoft Windows XP' on 2 with kpm 0 [WRONG]
[04/01/2025 15:59:15] asarioglu25 submitted b'rbr{3}' on 4 with kpm 0 [WRONG]
[04/01/2025 15:59:20] asarioglu25 submitted b'rbr{Service Pack 3}' on 4 with kpm 1 [WRONG]
[04/01/2025 15:59:20] asarioglu25 submitted b'rbr{Service Pack 3}' on 4 with kpm 2 [WRONG]
[04/01/2025 15:59:22] asarioglu25 submitted b'rbr{2600}' on 4 with kpm 3 [WRONG]
[04/01/2025 15:59:22] aespanol25 submitted b'Windows XP' on 2 with kpm 1 [WRONG]
[04/01/2025 15:59:23] asarioglu25 submitted b'rbr{2600}' on 4 with kpm 4 [WRONG]
[04/01/2025 15:59:23] asarioglu25 submitted b'rbr{2600}' on 4 with kpm 5 [WRONG]
[04/01/2025 15:59:26] aespanol25 submitted b'WindowsXp' on 2 with kpm 2 [WRONG]
[04/01/2025 15:59:28] aespanol25 submitted b'Windowsxp' on 2 with kpm 3 [WRONG]
[04/01/2025 15:59:31] aespanol25 submitted b'WindowsXP' on 2 with kpm 4 [WRONG]
[04/01/2025 15:59:40] spota25 submitted b'Microsoft Windows XP' on 2 with kpm 0 [WRONG]
[04/01/2025 15:59:46] spota25 submitted b'rbr{Microsoft Windows XP}' on 2 with kpm 1 [CORRECT]
[04/01/2025 15:59:47] toliver25 submitted b'rbr{5.1}' on 4 with kpm 0 [WRONG]
[04/01/2025 16:00:00] asarioglu25 submitted b'rbr{SP3}' on 4 with kpm 6 [CORRECT]
[04/01/2025 16:00:06] spota25 submitted b'rbr{5.1}' on 4 with kpm 1 [WRONG]
[04/01/2025 16:01:29] toliver25 submitted b'rbr{xpclient}' on 4 with kpm 0 [WRONG]
[04/01/2025 16:01:34] toliver25 submitted b'rbr{xp client}' on 4 with kpm 1 [WRONG]
[04/01/2025 16:04:15] aespanol25 submitted b'Microsoft Windows XP' on 2 with kpm 0 [WRONG]
[04/01/2025 16:04:18] aespanol25 submitted b'Microsoft Windows XP' on 2 with kpm 1 [WRONG]
[04/01/2025 16:04:23] aespanol25 submitted b'Microsoft Windows XP' on 2 with kpm 2 [WRONG]
[04/01/2025 16:04:25] aespanol25 submitted b'Microsoft Windows XP' on 2 with kpm 3 [WRONG]
[04/01/2025 16:04:46] aespanol25 submitted b'rbr{Microsoft Windows XP}' on 2 with kpm 4 [CORRECT]
[04/01/2025 16:05:08] aespanol25 submitted b'Greg Schardt' on 3 with kpm 4 [WRONG]
[04/01/2025 16:05:14] aespanol25 submitted b'rbr{Greg Schardt}' on 3 with kpm 5 [CORRECT]
[04/01/2025 16:05:23] aeyerman25 submitted b'nike' on 2 with kpm 0 [WRONG]
[04/01/2025 16:05:26] aeyerman25 submitted b'Nike' on 2 with kpm 1 [WRONG]
[04/01/2025 16:05:26] aeyerman25 submitted b'Nike' on 2 with kpm 2 [WRONG]
[04/01/2025 16:05:31] aeyerman25 submitted b'nike' on 2 with kpm 3 [WRONG]
[04/01/2025 16:05:35] aeyerman25 submitted b'adidas' on 2 with kpm 4 [WRONG]
[04/01/2025 16:05:37] spota25 submitted b'Service Pack 1' on 4 with kpm 0 [WRONG]
[04/01/2025 16:05:38] spota25 submitted b'Service Pack 1' on 4 with kpm 1 [WRONG]
[04/01/2025 16:05:40] aeyerman25 submitted b'rebok' on 2 with kpm 5 [WRONG]
[04/01/2025 16:05:45] toliver25 submitted b'3' on 4 with kpm 0 [WRONG]
[04/01/2025 16:05:50] aeyerman25 submitted b'amazon' on 2 with kpm 6 [WRONG]
[04/01/2025 16:05:54] aeyerman25 submitted b'ebay' on 2 with kpm 7 [WRONG]
[04/01/2025 16:06:21] toliver25 submitted b'SP3' on 4 with kpm 1 [CORRECT]
[04/01/2025 16:06:23] aespanol25 submitted b'Sp3' on 4 with kpm 0 [CORRECT]
[04/01/2025 16:07:53] gperez25 submitted b'WebFldrs XP' on 2 with kpm 0 [WRONG]
[04/01/2025 16:07:57] gperez25 submitted b'WebFldrsXP' on 2 with kpm 1 [WRONG]
[04/01/2025 16:07:59] gperez25 submitted b'WebFldrsXP' on 2 with kpm 2 [WRONG]
[04/01/2025 16:08:01] gperez25 submitted b'WebFldrsXP' on 2 with kpm 3 [WRONG]
[04/01/2025 16:08:14] aeyerman25 submitted b'bing' on 2 with kpm 0 [WRONG]
[04/01/2025 16:08:19] rdominguez25 submitted b'n-1a9odn6zxk4lq.' on 2 with kpm 0 [WRONG]
[04/01/2025 16:08:21] gperez25 submitted b'WebFldrs XP' on 2 with kpm 4 [WRONG]
[04/01/2025 16:08:24] gperez25 submitted b'WebFldrs XP' on 2 with kpm 5 [WRONG]
[04/01/2025 16:08:26] rdominguez25 submitted b'Windows XP' on 2 with kpm 1 [CORRECT]
[04/01/2025 16:08:28] gperez25 submitted b'WebFldrs XP' on 2 with kpm 6 [WRONG]
[04/01/2025 16:08:43] aeyerman25 submitted b'windows' on 2 with kpm 1 [WRONG]
[04/01/2025 16:08:46] aeyerman25 submitted b'linux' on 2 with kpm 2 [WRONG]
[04/01/2025 16:08:48] rdominguez25 submitted b'Greg Schardt' on 3 with kpm 1 [CORRECT]
[04/01/2025 16:08:49] aeyerman25 submitted b'mac' on 2 with kpm 3 [WRONG]
[04/01/2025 16:09:32] spota25 submitted b'1' on 4 with kpm 0 [WRONG]
[04/01/2025 16:09:33] spota25 submitted b'2' on 4 with kpm 1 [WRONG]
[04/01/2025 16:09:35] spota25 submitted b'3' on 4 with kpm 2 [WRONG]
[04/01/2025 16:09:39] spota25 submitted b'Service Pack 2' on 4 with kpm 3 [WRONG]
[04/01/2025 16:09:40] spota25 submitted b'Service Pack 3' on 4 with kpm 4 [CORRECT]
[04/01/2025 16:10:12] jgomez25 submitted b'HKLM\\Software\\Microsoft\\Windows NT\\CurrentVersion' on 2 with kpm 0 [WRONG]
[04/01/2025 16:10:26] rdominguez25 submitted b'Professional' on 4 with kpm 0 [WRONG]
[04/01/2025 16:10:27] ohanlon25 submitted b'rbr{Windows10pro}' on 2 with kpm 0 [WRONG]
[04/01/2025 16:10:29] rdominguez25 submitted b'2002' on 4 with kpm 1 [WRONG]
[04/01/2025 16:10:36] ohanlon25 submitted b'rbr{Windows10}' on 2 with kpm 1 [WRONG]
[04/01/2025 16:10:37] gperez25 submitted b'WebFldrs XP' on 2 with kpm 0 [WRONG]
[04/01/2025 16:10:37] rdominguez25 submitted b'Version 2002' on 4 with kpm 2 [WRONG]
[04/01/2025 16:10:38] ohanlon25 submitted b'rbr{Windows11}' on 2 with kpm 2 [WRONG]
[04/01/2025 16:10:40] ohanlon25 submitted b'rbr{Windows11}' on 2 with kpm 3 [WRONG]
[04/01/2025 16:10:42] ohanlon25 submitted b'rbr{windows11}' on 2 with kpm 4 [WRONG]
[04/01/2025 16:10:43] ohanlon25 submitted b'rbr{windows11}' on 2 with kpm 5 [WRONG]
[04/01/2025 16:10:49] rdominguez25 submitted b'Professional' on 4 with kpm 3 [WRONG]
[04/01/2025 16:10:52] rdominguez25 submitted b'Professional' on 4 with kpm 4 [WRONG]
[04/01/2025 16:10:58] jgomez25 submitted b'Microsoft Windows Xp' on 2 with kpm 1 [CORRECT]
[04/01/2025 16:11:07] gperez25 submitted b'Microsoft Windows XP' on 2 with kpm 1 [CORRECT]
[04/01/2025 16:11:30] ohanlon25 submitted b'rbr{Windows 10 pro}' on 3 with kpm 5 [WRONG]
[04/01/2025 16:11:31] ohanlon25 submitted b'rbr{Windows 10 pro}' on 3 with kpm 6 [WRONG]
[04/01/2025 16:11:32] ohanlon25 submitted b'rbr{Windows 10 pro}' on 3 with kpm 7 [WRONG]
[04/01/2025 16:11:34] ohanlon25 submitted b'rbr{Windows 10 pro}' on 3 with kpm 8 [WRONG]
[04/01/2025 16:11:36] sbald25 submitted b'default' on 2 with kpm 0 [WRONG]
[04/01/2025 16:11:36] ohanlon25 submitted b'rbr{Windows 10}' on 3 with kpm 9 [WRONG]
[04/01/2025 16:11:38] ohanlon25 submitted b'rbr{Windows 10}' on 3 with kpm 9 [WRONG]
[04/01/2025 16:11:39] rdominguez25 submitted b'Windows NT' on 4 with kpm 2 [WRONG]
[04/01/2025 16:11:41] rdominguez25 submitted b'WindowsNT' on 4 with kpm 3 [WRONG]
[04/01/2025 16:11:44] rdominguez25 submitted b'NT' on 4 with kpm 4 [WRONG]
[04/01/2025 16:12:18] ohanlon25 submitted b'windows 10' on 3 with kpm 6 [WRONG]
[04/01/2025 16:12:18] rdominguez25 submitted b'SP3' on 4 with kpm 3 [CORRECT]
[04/01/2025 16:12:20] ohanlon25 submitted b'windows 10' on 3 with kpm 7 [WRONG]
[04/01/2025 16:12:22] ohanlon25 submitted b'windows 10 pro' on 3 with kpm 8 [WRONG]
[04/01/2025 16:12:24] ohanlon25 submitted b'windows 10 pro' on 3 with kpm 9 [WRONG]
[04/01/2025 16:12:26] ohanlon25 submitted b'Windows 10 pro' on 3 with kpm 10 [WRONG]
[04/01/2025 16:12:27] ohanlon25 submitted b'Windows 10 pro' on 3 with kpm 11 [TOO FAST]
[04/01/2025 16:12:42] amorel25 submitted b'REG_SZ' on 2 with kpm 0 [WRONG]
[04/01/2025 16:12:42] ohanlon25 submitted b'Windows 10' on 3 with kpm 6 [WRONG]
[04/01/2025 16:12:43] ohanlon25 submitted b'Windows 10' on 3 with kpm 7 [WRONG]
[04/01/2025 16:12:45] ohanlon25 submitted b'Windows 11' on 3 with kpm 8 [WRONG]
[04/01/2025 16:12:46] ohanlon25 submitted b'Windows 11' on 3 with kpm 9 [WRONG]
[04/01/2025 16:12:54] ohanlon25 submitted b'Windows11' on 3 with kpm 10 [WRONG]
[04/01/2025 16:12:56] ohanlon25 submitted b'Windows11' on 3 with kpm 11 [TOO FAST]
[04/01/2025 16:14:31] gperez25 submitted b'Greg s' on 3 with kpm 0 [WRONG]
[04/01/2025 16:14:55] rdominguez25 submitted b'Administrator' on 9 with kpm 0 [WRONG]
[04/01/2025 16:14:59] rdominguez25 submitted b'Guest' on 9 with kpm 1 [WRONG]
[04/01/2025 16:15:02] ohanlon25 submitted b'Windows 10 Pro' on 2 with kpm 0 [WRONG]
[04/01/2025 16:15:04] rdominguez25 submitted b'Mr. Evil' on 9 with kpm 2 [WRONG]
[04/01/2025 16:15:05] ohanlon25 submitted b'Windows 10 Pro' on 2 with kpm 1 [WRONG]
[04/01/2025 16:16:26] gperez25 submitted b'Greg Schardt' on 3 with kpm 0 [CORRECT]
[04/01/2025 16:16:46] jgomez25 submitted b'Greg Schardt' on 3 with kpm 0 [CORRECT]
[04/01/2025 16:17:05] ohanlon25 submitted b'Windows 10 Pro' on 2 with kpm 0 [WRONG]
[04/01/2025 16:17:10] ohanlon25 submitted b'Windows 10' on 2 with kpm 1 [WRONG]
[04/01/2025 16:17:10] ohanlon25 submitted b'Windows 10' on 2 with kpm 2 [WRONG]
[04/01/2025 16:17:11] ohanlon25 submitted b'Windows 10' on 2 with kpm 3 [WRONG]
[04/01/2025 16:17:11] ohanlon25 submitted b'Windows 10' on 2 with kpm 4 [WRONG]
[04/01/2025 16:17:11] ohanlon25 submitted b'Windows 10' on 2 with kpm 5 [WRONG]
[04/01/2025 16:17:11] ohanlon25 submitted b'Windows 10' on 2 with kpm 6 [WRONG]
[04/01/2025 16:17:11] ohanlon25 submitted b'Windows 10' on 2 with kpm 7 [WRONG]
[04/01/2025 16:17:14] ohanlon25 submitted b'Windows10peo' on 2 with kpm 8 [WRONG]
[04/01/2025 16:17:15] ohanlon25 submitted b'Windows10pro' on 2 with kpm 9 [WRONG]
[04/01/2025 16:17:16] ohanlon25 submitted b'Windows11' on 2 with kpm 10 [WRONG]
[04/01/2025 16:17:18] ohanlon25 submitted b'Windows7' on 2 with kpm 11 [TOO FAST]
[04/01/2025 16:17:19] ohanlon25 submitted b'Windows7' on 2 with kpm 12 [TOO FAST]
[04/01/2025 16:17:19] ohanlon25 submitted b'Windows7' on 2 with kpm 13 [TOO FAST]
[04/01/2025 16:17:20] ohanlon25 submitted b'Windows7' on 2 with kpm 14 [TOO FAST]
[04/01/2025 16:17:20] ohanlon25 submitted b'Windows7' on 2 with kpm 15 [TOO FAST]
[04/01/2025 16:17:20] ohanlon25 submitted b'Windows7' on 2 with kpm 16 [TOO FAST]
[04/01/2025 16:17:21] ohanlon25 submitted b'Windows7' on 2 with kpm 17 [TOO FAST]
[04/01/2025 16:17:21] ohanlon25 submitted b'Windows7' on 2 with kpm 18 [TOO FAST]
[04/01/2025 16:17:21] ohanlon25 submitted b'Windows7' on 2 with kpm 19 [TOO FAST]
[04/01/2025 16:17:23] ohanlon25 submitted b'Windows 7' on 2 with kpm 20 [TOO FAST]
[04/01/2025 16:17:23] ohanlon25 submitted b'Windows 7' on 2 with kpm 21 [TOO FAST]
[04/01/2025 16:17:24] ohanlon25 submitted b'Windows 7' on 2 with kpm 22 [TOO FAST]
[04/01/2025 16:17:24] ohanlon25 submitted b'Windows 7' on 2 with kpm 23 [TOO FAST]
[04/01/2025 16:17:24] ohanlon25 submitted b'Windows 7' on 2 with kpm 24 [TOO FAST]
[04/01/2025 16:17:25] ohanlon25 submitted b'Windows 7' on 2 with kpm 25 [TOO FAST]
[04/01/2025 16:17:38] ohanlon25 submitted b'rbr{Windows 7}' on 2 with kpm 26 [TOO FAST]
[04/01/2025 16:17:38] ohanlon25 submitted b'rbr{Windows 7}' on 2 with kpm 27 [TOO FAST]
[04/01/2025 16:17:41] ohanlon25 submitted b'rbr{Windows7}' on 2 with kpm 28 [TOO FAST]
[04/01/2025 16:17:41] ohanlon25 submitted b'rbr{Windows7}' on 2 with kpm 29 [TOO FAST]
[04/01/2025 16:17:41] ohanlon25 submitted b'rbr{Windows7}' on 2 with kpm 30 [TOO FAST]
[04/01/2025 16:17:41] gperez25 submitted b'5.1' on 4 with kpm 0 [WRONG]
[04/01/2025 16:17:47] ohanlon25 submitted b'rbr{Windows10pro}' on 2 with kpm 31 [TOO FAST]
[04/01/2025 16:17:49] ohanlon25 submitted b'rbr{Windows10pro}' on 2 with kpm 32 [TOO FAST]
[04/01/2025 16:17:52] ohanlon25 submitted b'rbr{Windows 10 pro }' on 2 with kpm 33 [TOO FAST]
[04/01/2025 16:17:54] ohanlon25 submitted b'rbr{Windows 10 pro}' on 2 with kpm 34 [TOO FAST]
[04/01/2025 16:17:54] ohanlon25 submitted b'rbr{Windows 10 pro}' on 2 with kpm 35 [TOO FAST]
[04/01/2025 16:17:54] ohanlon25 submitted b'rbr{Windows 10 pro}' on 2 with kpm 36 [TOO FAST]
[04/01/2025 16:17:55] ohanlon25 submitted b'rbr{Windows 10 pro}' on 2 with kpm 37 [TOO FAST]
[04/01/2025 16:17:55] ohanlon25 submitted b'rbr{Windows 10 pro}' on 2 with kpm 38 [TOO FAST]
[04/01/2025 16:17:55] ohanlon25 submitted b'rbr{Windows 10 pro}' on 2 with kpm 39 [TOO FAST]
[04/01/2025 16:17:59] amorel25 submitted b'windows xp' on 2 with kpm 0 [CORRECT]
[04/01/2025 16:18:06] gperez25 submitted b'Uniprocessor free' on 4 with kpm 1 [WRONG]
[04/01/2025 16:18:08] jgomez25 submitted b'2600.xpclient.010817-1148' on 4 with kpm 0 [WRONG]
[04/01/2025 16:18:10] dgoldberg25 submitted b'Windows XP' on 2 with kpm 0 [CORRECT]
[04/01/2025 16:18:12] aeyerman25 submitted b'windowsxp' on 2 with kpm 0 [CORRECT]
[04/01/2025 16:18:12] aeyerman25 submitted b'' on 2 with kpm 0 [ALREADY SOLVED]
[04/01/2025 16:18:27] jgomez25 submitted b'5.1' on 4 with kpm 1 [WRONG]
[04/01/2025 16:18:27] jgomez25 submitted b'5.1' on 4 with kpm 2 [WRONG]
[04/01/2025 16:18:37] dgoldberg25 submitted b'Mr. Evil' on 3 with kpm 0 [WRONG]
[04/01/2025 16:18:42] ohanlon25 submitted b'windows' on 2 with kpm 9 [WRONG]
[04/01/2025 16:18:44] ohanlon25 submitted b'windows' on 2 with kpm 10 [WRONG]
[04/01/2025 16:18:47] ohanlon25 submitted b'Windows' on 2 with kpm 11 [TOO FAST]
[04/01/2025 16:18:47] ohanlon25 submitted b'Windows' on 2 with kpm 12 [TOO FAST]
[04/01/2025 16:19:04] jgomez25 submitted b'2600' on 4 with kpm 3 [WRONG]
[04/01/2025 16:19:04] jgomez25 submitted b'2600' on 4 with kpm 4 [WRONG]
[04/01/2025 16:19:04] jgomez25 submitted b'2600' on 4 with kpm 5 [WRONG]
[04/01/2025 16:19:04] jgomez25 submitted b'2600' on 4 with kpm 6 [WRONG]
[04/01/2025 16:19:16] gperez25 submitted b'5.1' on 4 with kpm 0 [WRONG]
[04/01/2025 16:19:18] gperez25 submitted b'51' on 4 with kpm 1 [WRONG]
[04/01/2025 16:19:19] jgomez25 submitted b'Uniprocessor Free' on 4 with kpm 6 [WRONG]
[04/01/2025 16:19:19] jgomez25 submitted b'Uniprocessor Free' on 4 with kpm 7 [WRONG]
[04/01/2025 16:19:20] jgomez25 submitted b'Uniprocessor Free' on 4 with kpm 8 [WRONG]
[04/01/2025 16:19:20] amorel25 submitted b'greg schart' on 3 with kpm 0 [WRONG]
[04/01/2025 16:19:20] jgomez25 submitted b'Uniprocessor Free' on 4 with kpm 9 [WRONG]
[04/01/2025 16:19:20] jgomez25 submitted b'Uniprocessor Free' on 4 with kpm 10 [WRONG]
[04/01/2025 16:19:22] jgomez25 submitted b'Uniprocessor Free' on 4 with kpm 11 [TOO FAST]
[04/01/2025 16:19:22] amorel25 submitted b'greg schardt' on 3 with kpm 1 [CORRECT]
[04/01/2025 16:19:23] jgomez25 submitted b'Uniprocessor Free' on 4 with kpm 12 [TOO FAST]
[04/01/2025 16:19:26] aeyerman25 submitted b'mrevil' on 3 with kpm 0 [WRONG]
[04/01/2025 16:19:34] rmaldonado25 submitted b'Windows XP' on 2 with kpm 0 [CORRECT]
[04/01/2025 16:19:40] aeyerman25 submitted b'gregschart' on 3 with kpm 1 [WRONG]
[04/01/2025 16:19:44] aeyerman25 submitted b'gregschardt' on 3 with kpm 2 [CORRECT]
[04/01/2025 16:19:47] dgoldberg25 submitted b'Greg schardt' on 3 with kpm 0 [CORRECT]
[04/01/2025 16:19:59] gperez25 submitted b'SYSTEN' on 4 with kpm 2 [WRONG]
[04/01/2025 16:20:02] gperez25 submitted b'SYSTEM' on 4 with kpm 3 [WRONG]
[04/01/2025 16:20:05] gperez25 submitted b'SYSTEM' on 4 with kpm 4 [WRONG]
[04/01/2025 16:20:09] ohanlon25 submitted b'Windows 7\\' on 2 with kpm 0 [WRONG]
[04/01/2025 16:20:10] ohanlon25 submitted b'Windows 7' on 2 with kpm 1 [WRONG]
[04/01/2025 16:20:10] ohanlon25 submitted b'Windows 7' on 2 with kpm 2 [WRONG]
[04/01/2025 16:20:10] ohanlon25 submitted b'Windows 7' on 2 with kpm 3 [WRONG]
[04/01/2025 16:20:31] aeyerman25 submitted b'1' on 4 with kpm 1 [WRONG]
[04/01/2025 16:20:32] aeyerman25 submitted b'2' on 4 with kpm 2 [WRONG]
[04/01/2025 16:20:33] aeyerman25 submitted b'3' on 4 with kpm 3 [WRONG]
[04/01/2025 16:20:33] aeyerman25 submitted b'4' on 4 with kpm 4 [WRONG]
[04/01/2025 16:20:34] aeyerman25 submitted b'5' on 4 with kpm 5 [WRONG]
[04/01/2025 16:20:35] aeyerman25 submitted b'' on 4 with kpm 6 [WRONG]
[04/01/2025 16:20:36] aeyerman25 submitted b'7' on 4 with kpm 7 [WRONG]
[04/01/2025 16:20:37] aeyerman25 submitted b'8' on 4 with kpm 8 [WRONG]
[04/01/2025 16:20:37] aeyerman25 submitted b'9' on 4 with kpm 9 [WRONG]
[04/01/2025 16:20:38] aeyerman25 submitted b'10' on 4 with kpm 10 [WRONG]
[04/01/2025 16:20:40] aeyerman25 submitted b'1.2' on 4 with kpm 11 [TOO FAST]
[04/01/2025 16:20:49] jgomez25 submitted b'2600.xpclient.010817-1148' on 4 with kpm 0 [WRONG]
[04/01/2025 16:20:49] jgomez25 submitted b'2600.xpclient.010817-1148' on 4 with kpm 1 [WRONG]
[04/01/2025 16:20:49] jgomez25 submitted b'2600.xpclient.010817-1148' on 4 with kpm 2 [WRONG]
[04/01/2025 16:20:49] jgomez25 submitted b'2600.xpclient.010817-1148' on 4 with kpm 3 [WRONG]
[04/01/2025 16:20:50] jgomez25 submitted b'2600.xpclient.010817-1148' on 4 with kpm 4 [WRONG]
[04/01/2025 16:20:50] jgomez25 submitted b'2600.xpclient.010817-1148' on 4 with kpm 5 [WRONG]
[04/01/2025 16:20:50] jgomez25 submitted b'2600.xpclient.010817-1148' on 4 with kpm 6 [WRONG]
[04/01/2025 16:21:15] jgomez25 submitted b'1.511.1' on 4 with kpm 7 [WRONG]
[04/01/2025 16:21:15] spota25 submitted b'Admin, Administrator, Guest, Mmouse, Mom, Mr. Evil,  NotAdmin, superman' on 9 with kpm 0 [WRONG]
[04/01/2025 16:21:15] jgomez25 submitted b'1.511.1' on 4 with kpm 8 [WRONG]
[04/01/2025 16:21:15] jgomez25 submitted b'1.511.1' on 4 with kpm 9 [WRONG]
[04/01/2025 16:21:15] jgomez25 submitted b'1.511.1' on 4 with kpm 10 [WRONG]
[04/01/2025 16:21:15] jgomez25 submitted b'1.511.1' on 4 with kpm 11 [TOO FAST]
[04/01/2025 16:21:15] jgomez25 submitted b'1.511.1' on 4 with kpm 12 [TOO FAST]
[04/01/2025 16:21:15] jgomez25 submitted b'1.511.1' on 4 with kpm 13 [TOO FAST]
[04/01/2025 16:21:52] ohanlon25 submitted b'window 10' on 2 with kpm 0 [WRONG]
[04/01/2025 16:21:58] ohanlon25 submitted b'rbr{Windows10}' on 2 with kpm 1 [WRONG]
[04/01/2025 16:22:32] spota25 submitted b'Admin Administrator Guest Mmouse Mr. Evil NotAdmin mom superman' on 9 with kpm 0 [WRONG]
[04/01/2025 16:22:33] spota25 submitted b'Admin Administrator Guest Mmouse Mr. Evil NotAdmin mom superman' on 9 with kpm 1 [WRONG]
[04/01/2025 16:22:40] ohanlon25 submitted b'rbr{Windows10pro}' on 2 with kpm 2 [WRONG]
[04/01/2025 16:22:48] spota25 submitted b'Admin' on 9 with kpm 2 [CORRECT]
[04/01/2025 16:22:53] rmaldonado25 submitted b'Greg' on 3 with kpm 0 [WRONG]
[04/01/2025 16:22:55] spota25 submitted b'Administrator' on 10 with kpm 2 [CORRECT]
[04/01/2025 16:22:57] ohanlon25 submitted b'Windows 10 Pro' on 2 with kpm 2 [WRONG]
[04/01/2025 16:22:57] ohanlon25 submitted b'Windows 10 Pro' on 2 with kpm 3 [WRONG]
[04/01/2025 16:22:58] ohanlon25 submitted b'Windows 10 Pro' on 2 with kpm 4 [WRONG]
[04/01/2025 16:22:59] ohanlon25 submitted b'Windows 10 Pro' on 2 with kpm 4 [WRONG]
[04/01/2025 16:23:01] spota25 submitted b'Guest' on 11 with kpm 2 [CORRECT]
[04/01/2025 16:23:01] ohanlon25 submitted b'Windows 10' on 2 with kpm 5 [WRONG]
[04/01/2025 16:23:03] ohanlon25 submitted b'Windows 10' on 2 with kpm 6 [WRONG]
[04/01/2025 16:23:06] ohanlon25 submitted b'Windows10pro' on 2 with kpm 7 [WRONG]
[04/01/2025 16:23:08] spota25 submitted b'Mmouse' on 12 with kpm 2 [CORRECT]
[04/01/2025 16:23:08] ohanlon25 submitted b'Windows10pro' on 2 with kpm 8 [WRONG]
[04/01/2025 16:23:11] ohanlon25 submitted b'Windows 10 pro' on 2 with kpm 9 [WRONG]
[04/01/2025 16:23:12] ohanlon25 submitted b'Windows 10 pro' on 2 with kpm 10 [WRONG]
[04/01/2025 16:23:12] amorel25 submitted b'uniprocessor free' on 4 with kpm 0 [WRONG]
[04/01/2025 16:23:13] rmaldonado25 submitted b'Greg Schardt' on 3 with kpm 1 [CORRECT]
[04/01/2025 16:23:14] aeyerman25 submitted b'10.0' on 4 with kpm 0 [WRONG]
[04/01/2025 16:23:14] aeyerman25 submitted b'10.0' on 4 with kpm 1 [WRONG]
[04/01/2025 16:23:16] amorel25 submitted b'5.1' on 4 with kpm 1 [WRONG]
[04/01/2025 16:23:19] amorel25 submitted b'5.1' on 4 with kpm 2 [WRONG]
[04/01/2025 16:23:20] aeyerman25 submitted b'10 10.0' on 4 with kpm 2 [WRONG]
[04/01/2025 16:23:20] aeyerman25 submitted b'10 10.0' on 4 with kpm 3 [WRONG]
[04/01/2025 16:23:21] aeyerman25 submitted b'10 10.0' on 4 with kpm 4 [WRONG]
[04/01/2025 16:23:22] aeyerman25 submitted b'10 10.0' on 4 with kpm 5 [WRONG]
[04/01/2025 16:23:25] amorel25 submitted b'5.1' on 4 with kpm 3 [WRONG]
[04/01/2025 16:23:27] amorel25 submitted b'5.1' on 4 with kpm 4 [WRONG]
[04/01/2025 16:23:30] spota25 submitted b'Mr. Evil' on 13 with kpm 2 [WRONG]
[04/01/2025 16:23:46] spota25 submitted b'NotAdmin' on 13 with kpm 1 [WRONG]
[04/01/2025 16:23:50] spota25 submitted b'Mr. Evil' on 13 with kpm 2 [WRONG]
[04/01/2025 16:23:51] spota25 submitted b'Mr. Evil' on 13 with kpm 3 [WRONG]
[04/01/2025 16:24:00] spota25 submitted b'superman' on 16 with kpm 4 [CORRECT]
[04/01/2025 16:24:04] spota25 submitted b'mom' on 15 with kpm 4 [WRONG]
[04/01/2025 16:24:10] spota25 submitted b'mom' on 13 with kpm 5 [CORRECT]
[04/01/2025 16:24:16] spota25 submitted b'Mr. Evil' on 14 with kpm 5 [CORRECT]
[04/01/2025 16:24:27] spota25 submitted b'NotAdmin' on 15 with kpm 5 [CORRECT]
[04/01/2025 16:24:30] lpitanza25 submitted b'55274-640-0147306-23684' on 2 with kpm 0 [WRONG]
[04/01/2025 16:25:39] aeyerman25 submitted b'sp3' on 4 with kpm 0 [CORRECT]
[04/01/2025 16:25:39] rmaldonado25 submitted b'Intel i7' on 4 with kpm 0 [WRONG]
[04/01/2025 16:25:47] dgoldberg25 submitted b'sp3' on 4 with kpm 0 [CORRECT]
[04/01/2025 16:25:49] amorel25 submitted b'sp3' on 4 with kpm 0 [CORRECT]
[04/01/2025 16:25:57] rmaldonado25 submitted b'Intel i7-10610U' on 4 with kpm 1 [WRONG]
[04/01/2025 16:25:59] rmaldonado25 submitted b'Intel i7-10610U' on 4 with kpm 2 [WRONG]
[04/01/2025 16:26:00] rmaldonado25 submitted b'Intel i7-10610U' on 4 with kpm 3 [WRONG]
[04/01/2025 16:26:11] rmaldonado25 submitted b'Intel Core i7-10610U' on 4 with kpm 4 [WRONG]
[04/01/2025 16:26:13] rmaldonado25 submitted b'Intel Core i7-10610U' on 4 with kpm 5 [WRONG]
[04/01/2025 16:26:20] rmaldonado25 submitted b'Intel Core i7-10610U' on 4 with kpm 6 [WRONG]
[04/01/2025 16:26:28] rmaldonado25 submitted b'i7-10610U' on 4 with kpm 7 [WRONG]
[04/01/2025 16:26:28] rmaldonado25 submitted b'i7-10610U' on 4 with kpm 8 [WRONG]
[04/01/2025 16:26:30] rmaldonado25 submitted b'i7-10610U' on 4 with kpm 9 [WRONG]
[04/01/2025 16:26:38] aeyerman25 submitted b'mr.evil' on 9 with kpm 0 [WRONG]
[04/01/2025 16:27:02] gperez25 submitted b'SP 3' on 4 with kpm 0 [WRONG]
[04/01/2025 16:27:03] gperez25 submitted b'SP 3' on 4 with kpm 1 [WRONG]
[04/01/2025 16:27:06] gperez25 submitted b'SP3' on 4 with kpm 2 [CORRECT]
[04/01/2025 16:27:20] ohanlon25 submitted b'windowsNt' on 2 with kpm 0 [WRONG]
[04/01/2025 16:27:27] ohanlon25 submitted b'WindowsNT' on 2 with kpm 1 [WRONG]
[04/01/2025 16:27:29] ohanlon25 submitted b'Windows NT' on 2 with kpm 2 [WRONG]
[04/01/2025 16:27:31] ohanlon25 submitted b'Windows NT' on 2 with kpm 3 [WRONG]
[04/01/2025 16:27:37] jgomez25 submitted b'SP3' on 4 with kpm 0 [CORRECT]
[04/01/2025 16:27:46] sbald25 submitted b'Microsoft Windows XP' on 2 with kpm 0 [CORRECT]
[04/01/2025 16:27:49] lpitanza25 submitted b'Microsoft Windows XP' on 2 with kpm 0 [CORRECT]
[04/01/2025 16:27:57] rmaldonado25 submitted b'SP1' on 4 with kpm 0 [WRONG]
[04/01/2025 16:27:58] spota25 submitted b'Guest' on 18 with kpm 0 [CORRECT]
[04/01/2025 16:27:59] rmaldonado25 submitted b'SP2' on 4 with kpm 1 [WRONG]
[04/01/2025 16:28:01] rmaldonado25 submitted b'SP3' on 4 with kpm 2 [CORRECT]
[04/01/2025 16:28:01] rmaldonado25 submitted b'' on 4 with kpm 2 [ALREADY SOLVED]
[04/01/2025 16:28:02] sbald25 submitted b'Greg schardt' on 3 with kpm 0 [CORRECT]
[04/01/2025 16:28:08] sbald25 submitted b'sp3' on 4 with kpm 0 [CORRECT]
[04/01/2025 16:28:14] spota25 submitted b'2015-03-25 18:07:31Z' on 17 with kpm 0 [WRONG]
[04/01/2025 16:28:18] spota25 submitted b'2015-03-25' on 17 with kpm 1 [WRONG]
[04/01/2025 16:28:20] lpitanza25 submitted b'Greg Schardt' on 3 with kpm 0 [CORRECT]
[04/01/2025 16:28:32] spota25 submitted b'your mama' on 19 with kpm 2 [CORRECT]
[04/01/2025 16:28:37] lpitanza25 submitted b'sp3' on 4 with kpm 0 [CORRECT]
[04/01/2025 16:28:42] jgomez25 submitted b'SP' on 4 with kpm 0 [ALREADY SOLVED]
[04/01/2025 16:28:42] jgomez25 submitted b'SP3' on 4 with kpm 0 [ALREADY SOLVED]
[04/01/2025 16:28:43] jgomez25 submitted b'SP3' on 4 with kpm 0 [ALREADY SOLVED]
[04/01/2025 16:28:43] jgomez25 submitted b'SP3' on 4 with kpm 0 [ALREADY SOLVED]
[04/01/2025 16:28:46] spota25 submitted b'0' on 20 with kpm 2 [CORRECT]
[04/01/2025 16:29:23] spota25 submitted b'Administrator' on 21 with kpm 0 [WRONG]
[04/01/2025 16:29:27] spota25 submitted b'Admin' on 21 with kpm 1 [CORRECT]
[04/01/2025 16:29:33] spota25 submitted b'Administrator' on 22 with kpm 1 [CORRECT]
[04/01/2025 16:29:38] spota25 submitted b'Mr. Evil' on 24 with kpm 1 [CORRECT]
[04/01/2025 16:29:52] spota25 submitted b'mom' on 23 with kpm 1 [CORRECT]
[04/02/2025 11:38:28] spota25 submitted b'2015-03-25 18:07:31' on 17 with kpm 0 [WRONG]
[04/02/2025 11:38:34] spota25 submitted b'18:07:31' on 17 with kpm 1 [WRONG]
[04/02/2025 11:38:39] spota25 submitted b'2015-03-25 18:07:31Z' on 17 with kpm 2 [WRONG]
[04/02/2025 11:38:40] spota25 submitted b'2015-03-25 18:07:31Z' on 17 with kpm 3 [WRONG]
[04/02/2025 11:38:42] spota25 submitted b'2015-03-25 18:07:31z' on 17 with kpm 4 [WRONG]
[04/02/2025 11:39:27] spota25 submitted b'2015-03-25' on 17 with kpm 5 [WRONG]
[04/02/2025 11:39:27] spota25 submitted b'2015-03-25' on 17 with kpm 6 [WRONG]
[04/02/2025 11:39:27] spota25 submitted b'2015-03-25' on 17 with kpm 7 [WRONG]
[04/02/2025 11:39:28] spota25 submitted b'2015-03-25' on 17 with kpm 8 [WRONG]
[04/02/2025 11:39:28] spota25 submitted b'2015-03-25' on 17 with kpm 9 [WRONG]
[04/02/2025 11:39:28] spota25 submitted b'2015-03-25' on 17 with kpm 10 [WRONG]
[04/02/2025 11:39:33] spota25 submitted b'3/15/2015' on 17 with kpm 10 [WRONG]
[04/02/2025 11:39:34] spota25 submitted b'3/15/2015' on 17 with kpm 10 [WRONG]
